<?xml version="1.0" encoding="UTF-8"?>
<testsuite name="Testing Registration"
           tests="17"
           failures="1"
           errors="0"
           skipped="16"
           time="0.041">
    <properties></properties>

            <testcase
                name="startBrowser"
                time="0.041"
                classname="testcases.RegisterPageTest">

            <failure type="java.lang.IllegalStateException" message="The path to the driver executable The path to the driver executable must be set by the webdriver.gecko.driver system property; for more information, see https://github.com/mozilla/geckodriver. The latest version can be downloaded from https://github.com/mozilla/geckodriver/releases">
                <![CDATA[java.lang.IllegalStateException: The path to the driver executable The path to the driver executable must be set by the webdriver.gecko.driver system property; for more information, see https://github.com/mozilla/geckodriver. The latest version can be downloaded from https://github.com/mozilla/geckodriver/releases
                org.openqa.selenium.internal.Require$StateChecker.nonNull(Require.java:280)org.openqa.selenium.remote.service.DriverService.findExecutable(DriverService.java:132)org.openqa.selenium.firefox.GeckoDriverService.access$100(GeckoDriverService.java:45)org.openqa.selenium.firefox.GeckoDriverService$Builder.findDefaultExecutable(GeckoDriverService.java:181)org.openqa.selenium.remote.service.DriverService$Builder.build(DriverService.java:434)org.openqa.selenium.firefox.GeckoDriverService.createDefaultService(GeckoDriverService.java:94)org.openqa.selenium.firefox.FirefoxDriver.<init>(FirefoxDriver.java:114)org.openqa.selenium.firefox.FirefoxDriver.<init>(FirefoxDriver.java:94)library.SelectBrowser.StartBrowser(SelectBrowser.java:19)testcases.BaseTests.startBrowser(BaseTests.java:56)java.base/jdk.internal.reflect.NativeMethodAccessorImpl.invoke0(Native Method)java.base/jdk.internal.reflect.NativeMethodAccessorImpl.invoke(NativeMethodAccessorImpl.java:62)java.base/jdk.internal.reflect.DelegatingMethodAccessorImpl.invoke(DelegatingMethodAccessorImpl.java:43)java.base/java.lang.reflect.Method.invoke(Method.java:566)org.testng.internal.MethodInvocationHelper.invokeMethod(MethodInvocationHelper.java:124)org.testng.internal.MethodInvocationHelper.invokeMethodConsideringTimeout(MethodInvocationHelper.java:59)org.testng.internal.Invoker.invokeConfigurationMethod(Invoker.java:458)org.testng.internal.Invoker.invokeConfigurations(Invoker.java:222)org.testng.internal.Invoker.invokeConfigurations(Invoker.java:142)org.testng.TestRunner.beforeRun(TestRunner.java:529)org.testng.TestRunner.run(TestRunner.java:497)org.testng.SuiteRunner.runTest(SuiteRunner.java:455)org.testng.SuiteRunner.runSequentially(SuiteRunner.java:450)org.testng.SuiteRunner.privateRun(SuiteRunner.java:415)org.testng.SuiteRunner.run(SuiteRunner.java:364)org.testng.SuiteRunnerWorker.runSuite(SuiteRunnerWorker.java:52)org.testng.SuiteRunnerWorker.run(SuiteRunnerWorker.java:84)org.testng.TestNG.runSuitesSequentially(TestNG.java:1208)org.testng.TestNG.runSuitesLocally(TestNG.java:1137)org.testng.TestNG.runSuites(TestNG.java:1049)org.testng.TestNG.run(TestNG.java:1017)com.intellij.rt.testng.IDEARemoteTestNG.run(IDEARemoteTestNG.java:66)com.intellij.rt.testng.RemoteTestNGStarter.main(RemoteTestNGStarter.java:109)
]]>
            </failure>
    </testcase>

            <testcase
                name="launchBrowser"
                time="0.0"
                classname="testcases.RegisterPageTest">
            </testcase>
            <testcase
                name="recordTestResult"
                time="0.0"
                classname="testcases.RegisterPageTest">
            </testcase>
            <testcase
                name="recordTestResult"
                time="0.0"
                classname="testcases.RegisterPageTest">
            </testcase>
            <testcase
                name="launchBrowser"
                time="0.0"
                classname="testcases.RegisterPageTest">
            </testcase>
            <testcase
                name="launchBrowser"
                time="0.0"
                classname="testcases.RegisterPageTest">
            </testcase>
            <testcase
                name="recordTestResult"
                time="0.0"
                classname="testcases.RegisterPageTest">
            </testcase>
            <testcase
                name="tearDown"
                time="0.0"
                classname="testcases.RegisterPageTest">
            </testcase>
            <testcase
                name="recordTestResult"
                time="0.0"
                classname="testcases.RegisterPageTest">
            </testcase>
            <testcase
                name="launchBrowser"
                time="0.0"
                classname="testcases.RegisterPageTest">
            </testcase>
            <testcase
                name="recordTestResult"
                time="0.0"
                classname="testcases.RegisterPageTest">
            </testcase>
            <testcase
                name="launchBrowser"
                time="0.0"
                classname="testcases.RegisterPageTest">
            </testcase>
            <testcase
                name="testNavigateToRegister"
                time="0.0"
                classname="testcases.RegisterPageTest">
            </testcase>
            <testcase
                name="testEmailMandatory"
                time="0.0"
                classname="testcases.RegisterPageTest">
            </testcase>
            <testcase
                name="testSuccessfulRegister"
                time="0.0"
                classname="testcases.RegisterPageTest">
            </testcase>
            <testcase
                name="testPassRules"
                time="0.0"
                classname="testcases.RegisterPageTest">
            </testcase>
            <testcase
                name="testEmailValidation"
                time="0.0"
                classname="testcases.RegisterPageTest">
            </testcase>

</testsuite>
