<?xml version="1.0" encoding="UTF-8"?>
<testsuite name="Testing products search function"
           tests="2"
           failures="0"
           errors="0"
           skipped="0"
           time="2.405">
    <properties></properties>



            <testcase
                name="testSuccessfulSearchBlank"
                time="1.149"
                classname="testcases.SearchPageTest">
            </testcase>
            <testcase
                name="testSuccessfulSearch"
                time="1.256"
                classname="testcases.SearchPageTest">
            </testcase>
</testsuite>
