<?xml version="1.0" encoding="UTF-8"?>
<testsuite name="Testing Check out function"
           tests="4"
           failures="0"
           errors="0"
           skipped="0"
           time="110.729">
    <properties></properties>



            <testcase
                name="CheckCheckoutSuccessfully"
                time="24.087"
                classname="testcases.CheckOutPageTest">
            </testcase>
            <testcase
                name="testPaymentMode"
                time="16.457"
                classname="testcases.CheckOutPageTest">
            </testcase>
            <testcase
                name="CheckMandatoryValidation"
                time="23.024"
                classname="testcases.CheckOutPageTest">
            </testcase>
            <testcase
                name="testDicountCanApply"
                time="47.161"
                classname="testcases.CheckOutPageTest">
            </testcase>
</testsuite>
