<?xml version="1.0" encoding="UTF-8"?>
<testsuite name="Testing products search function"
           tests="2"
           failures="0"
           errors="0"
           skipped="0"
           time="2.311">
    <properties></properties>



            <testcase
                name="testSuccessfulSearchBlank"
                time="0.776"
                classname="testcases.SearchResultPageTest">
            </testcase>
            <testcase
                name="testSuccessfulSearch"
                time="1.535"
                classname="testcases.SearchResultPageTest">
            </testcase>
</testsuite>
