<?xml version="1.0" encoding="UTF-8"?>
<testsuite name="Testing Cart details function"
           tests="5"
           failures="0"
           errors="0"
           skipped="0"
           time="80.883">
    <properties></properties>



            <testcase
                name="testRefreshCart"
                time="2.828"
                classname="testcases.CartPageTest">
            </testcase>
            <testcase
                name="testAddQty"
                time="6.621"
                classname="testcases.CartPageTest">
            </testcase>
            <testcase
                name="testQtyMatchesPrice"
                time="6.735"
                classname="testcases.CartPageTest">
            </testcase>
            <testcase
                name="testRemoveFromCart"
                time="7.827"
                classname="testcases.CartPageTest">
            </testcase>
            <testcase
                name="testAddToCart"
                time="56.872"
                classname="testcases.CartPageTest">
            </testcase>
</testsuite>
