<?xml version="1.0" encoding="UTF-8"?>
<testsuite name="Testing Login fuction"
           tests="2"
           failures="0"
           errors="0"
           skipped="0"
           time="49.421">
    <properties></properties>



            <testcase
                name="testSuccessfulLogin"
                time="6.743"
                classname="testcases.LoginPageTests">
            </testcase>
            <testcase
                name="testFailedLogin"
                time="42.678"
                classname="testcases.LoginPageTests">
            </testcase>
</testsuite>
